[debug] [2022-10-18T13:05:28.251Z] ----------------------------------------------------------------------
[debug] [2022-10-18T13:05:28.252Z] Command:       /usr/bin/node /usr/local/bin/firebase init
[debug] [2022-10-18T13:05:28.252Z] CLI Version:   11.14.4
[debug] [2022-10-18T13:05:28.252Z] Platform:      linux
[debug] [2022-10-18T13:05:28.252Z] Node Version:  v14.20.1
[debug] [2022-10-18T13:05:28.253Z] Time:          Tue Oct 18 2022 18:35:28 GMT+0530 (India Standard Time)
[debug] [2022-10-18T13:05:28.253Z] ----------------------------------------------------------------------
[debug] 
[debug] [2022-10-18T13:05:28.256Z] > command requires scopes: ["email","openid","https://www.googleapis.com/auth/cloudplatformprojects.readonly","https://www.googleapis.com/auth/firebase","https://www.googleapis.com/auth/cloud-platform"]
[debug] [2022-10-18T13:05:28.256Z] > authorizing via signed-in user (thaker.yatharth.05@gmail.com)
[info] 
     ######## #### ########  ######## ########     ###     ######  ########
     ##        ##  ##     ## ##       ##     ##  ##   ##  ##       ##
     ######    ##  ########  ######   ########  #########  ######  ######
     ##        ##  ##    ##  ##       ##     ## ##     ##       ## ##
     ##       #### ##     ## ######## ########  ##     ##  ######  ########

You're about to initialize a Firebase project in this directory:

  /home/technointern3/Desktop/globalMessaging

[info] 
=== Project Setup
[info] 
[info] First, let's associate this project directory with a Firebase project.
[info] You can create multiple project aliases by running firebase use --add, 
[info] but for now we'll just set up a default project.
[info] 
[debug] [2022-10-18T13:05:43.458Z] >>> [apiv2][query] GET https://firebase.googleapis.com/v1beta1/projects pageSize=100
[debug] [2022-10-18T13:05:44.362Z] <<< [apiv2][status] GET https://firebase.googleapis.com/v1beta1/projects 200
[debug] [2022-10-18T13:05:44.362Z] <<< [apiv2][body] GET https://firebase.googleapis.com/v1beta1/projects [omitted]
[info] i  Using project global-chat-3ea31 (global-chat) 
[info] 
=== Database Setup
[info] i  database: ensuring required API firebasedatabase.googleapis.com is enabled... 
[debug] [2022-10-18T13:05:46.669Z] >>> [apiv2][query] GET https://serviceusage.googleapis.com/v1/projects/global-chat-3ea31/services/firebasedatabase.googleapis.com [none]
[debug] [2022-10-18T13:05:46.669Z] >>> [apiv2][(partial)header] GET https://serviceusage.googleapis.com/v1/projects/global-chat-3ea31/services/firebasedatabase.googleapis.com x-goog-quota-user=projects/global-chat-3ea31
[debug] [2022-10-18T13:05:48.670Z] <<< [apiv2][status] GET https://serviceusage.googleapis.com/v1/projects/global-chat-3ea31/services/firebasedatabase.googleapis.com 200
[debug] [2022-10-18T13:05:48.671Z] <<< [apiv2][body] GET https://serviceusage.googleapis.com/v1/projects/global-chat-3ea31/services/firebasedatabase.googleapis.com [omitted]
[warn] ⚠  database: missing required API firebasedatabase.googleapis.com. Enabling now... 
[debug] [2022-10-18T13:05:48.674Z] >>> [apiv2][query] POST https://serviceusage.googleapis.com/v1/projects/global-chat-3ea31/services/firebasedatabase.googleapis.com:enable [none]
[debug] [2022-10-18T13:05:48.674Z] >>> [apiv2][(partial)header] POST https://serviceusage.googleapis.com/v1/projects/global-chat-3ea31/services/firebasedatabase.googleapis.com:enable x-goog-quota-user=projects/global-chat-3ea31
[debug] [2022-10-18T13:05:50.630Z] <<< [apiv2][status] POST https://serviceusage.googleapis.com/v1/projects/global-chat-3ea31/services/firebasedatabase.googleapis.com:enable 200
[debug] [2022-10-18T13:05:50.631Z] <<< [apiv2][body] POST https://serviceusage.googleapis.com/v1/projects/global-chat-3ea31/services/firebasedatabase.googleapis.com:enable [omitted]
[debug] [2022-10-18T13:06:00.643Z] >>> [apiv2][query] GET https://serviceusage.googleapis.com/v1/projects/global-chat-3ea31/services/firebasedatabase.googleapis.com [none]
[debug] [2022-10-18T13:06:00.644Z] >>> [apiv2][(partial)header] GET https://serviceusage.googleapis.com/v1/projects/global-chat-3ea31/services/firebasedatabase.googleapis.com x-goog-quota-user=projects/global-chat-3ea31
[debug] [2022-10-18T13:06:02.546Z] <<< [apiv2][status] GET https://serviceusage.googleapis.com/v1/projects/global-chat-3ea31/services/firebasedatabase.googleapis.com 200
[debug] [2022-10-18T13:06:02.547Z] <<< [apiv2][body] GET https://serviceusage.googleapis.com/v1/projects/global-chat-3ea31/services/firebasedatabase.googleapis.com [omitted]
[info] ✔  database: required API firebasedatabase.googleapis.com is enabled 
[info] 
[debug] [2022-10-18T13:06:02.551Z] >>> [apiv2][query] GET https://firebase.googleapis.com/v1beta1/projects/global-chat-3ea31 [none]
[debug] [2022-10-18T13:06:03.010Z] <<< [apiv2][status] GET https://firebase.googleapis.com/v1beta1/projects/global-chat-3ea31 200
[debug] [2022-10-18T13:06:03.010Z] <<< [apiv2][body] GET https://firebase.googleapis.com/v1beta1/projects/global-chat-3ea31 {"projectId":"global-chat-3ea31","projectNumber":"885110726689","displayName":"global-chat","name":"projects/global-chat-3ea31","resources":{"hostingSite":"global-chat-3ea31"},"state":"ACTIVE","etag":"1_926a50c5-5b0b-4639-8463-250f5f28be1e"}
[debug] [2022-10-18T13:06:17.043Z] >>> [apiv2][query] POST https://firebasedatabase.googleapis.com/v1beta/projects/global-chat-3ea31/locations/us-central1/instances databaseId=global-chat-3ea31-default-rtdb&validateOnly=true
[debug] [2022-10-18T13:06:17.043Z] >>> [apiv2][body] POST https://firebasedatabase.googleapis.com/v1beta/projects/global-chat-3ea31/locations/us-central1/instances {"type":"default_database"}
[debug] [2022-10-18T13:06:18.304Z] <<< [apiv2][status] POST https://firebasedatabase.googleapis.com/v1beta/projects/global-chat-3ea31/locations/us-central1/instances 200
[debug] [2022-10-18T13:06:18.305Z] <<< [apiv2][body] POST https://firebasedatabase.googleapis.com/v1beta/projects/global-chat-3ea31/locations/us-central1/instances {"name":"projects/885110726689/locations/us-central1/instances/global-chat-3ea31-default-rtdb","project":"projects/885110726689","databaseUrl":"https://global-chat-3ea31-default-rtdb.firebaseio.com","type":"DEFAULT_DATABASE","state":"ACTIVE"}
[debug] [2022-10-18T13:06:18.309Z] >>> [apiv2][query] POST https://firebasedatabase.googleapis.com/v1beta/projects/global-chat-3ea31/locations/us-central1/instances databaseId=global-chat-3ea31-default-rtdb
[debug] [2022-10-18T13:06:18.310Z] >>> [apiv2][body] POST https://firebasedatabase.googleapis.com/v1beta/projects/global-chat-3ea31/locations/us-central1/instances {"type":"default_database"}
[debug] [2022-10-18T13:06:19.624Z] <<< [apiv2][status] POST https://firebasedatabase.googleapis.com/v1beta/projects/global-chat-3ea31/locations/us-central1/instances 200
[debug] [2022-10-18T13:06:19.625Z] <<< [apiv2][body] POST https://firebasedatabase.googleapis.com/v1beta/projects/global-chat-3ea31/locations/us-central1/instances {"name":"projects/885110726689/locations/us-central1/instances/global-chat-3ea31-default-rtdb","project":"projects/885110726689","databaseUrl":"https://global-chat-3ea31-default-rtdb.firebaseio.com","type":"DEFAULT_DATABASE","state":"ACTIVE"}
[info] 
[info] Firebase Realtime Database Security Rules allow you to define how your data should be
[info] structured and when your data can be read from and written to.
[info] 
[debug] [2022-10-18T13:06:38.440Z] >>> [apiv2][query] GET https://global-chat-3ea31-default-rtdb.firebaseio.com/.settings/rules.json [none]
[debug] [2022-10-18T13:06:45.732Z] <<< [apiv2][status] GET https://global-chat-3ea31-default-rtdb.firebaseio.com/.settings/rules.json 200
[debug] [2022-10-18T13:06:45.732Z] <<< [apiv2][body] GET https://global-chat-3ea31-default-rtdb.firebaseio.com/.settings/rules.json [stream]
[info] ✔  Database Rules for global-chat-3ea31-default-rtdb have been written to database.rules.json. 
[info] Future modifications to database.rules.json will update Realtime Database Security Rules when you run
[info] firebase deploy.
[info] 
=== Hosting Setup
[info] 
[info] Your public directory is the folder (relative to your project directory) that
[info] will contain Hosting assets to be uploaded with firebase deploy. If you
[info] have a build process for your assets, use your build's output directory.
[info] 
[info] ✔  Wrote ./404.html 
[debug] [2022-10-18T13:07:43.999Z] >>> [apiv2][query] GET https://www.gstatic.com/firebasejs/releases.json [none]
[debug] [2022-10-18T13:07:44.209Z] <<< [apiv2][status] GET https://www.gstatic.com/firebasejs/releases.json 200
[debug] [2022-10-18T13:07:44.210Z] <<< [apiv2][body] GET https://www.gstatic.com/firebasejs/releases.json {"current":{"version":"9.12.1","browserURL":"https://www.gstatic.com/firebasejs/9.12.1/firebase.js","packageURL":"https://www.gstatic.com/firebasejs/9.12.1/firebase.tgz"},"live":{"version":"9.12","browserURL":"https://www.gstatic.com/firebasejs/live/9.12/firebase.js","packageURL":"https://www.gstatic.com/firebasejs/live/9.12/firebase.tgz"},"components":{"analytics":"https://www.gstatic.com/firebasejs/9.12.1/firebase-analytics.js","app":"https://www.gstatic.com/firebasejs/9.12.1/firebase-app.js","app-check":"https://www.gstatic.com/firebasejs/9.12.1/firebase-app-check.js","auth":"https://www.gstatic.com/firebasejs/9.12.1/firebase-auth.js","auth/cordova":"https://www.gstatic.com/firebasejs/9.12.1/firebase-auth/cordova.js","auth/react-native":"https://www.gstatic.com/firebasejs/9.12.1/firebase-auth/react-native.js","functions":"https://www.gstatic.com/firebasejs/9.12.1/firebase-functions.js","firestore":"https://www.gstatic.com/firebasejs/9.12.1/firebase-firestore.js","firestore/lite":"https://www.gstatic.com/firebasejs/9.12.1/firebase-firestore/lite.js","installations":"https://www.gstatic.com/firebasejs/9.12.1/firebase-installations.js","storage":"https://www.gstatic.com/firebasejs/9.12.1/firebase-storage.js","performance":"https://www.gstatic.com/firebasejs/9.12.1/firebase-performance.js","remote-config":"https://www.gstatic.com/firebasejs/9.12.1/firebase-remote-config.js","messaging":"https://www.gstatic.com/firebasejs/9.12.1/firebase-messaging.js","messaging/sw":"https://www.gstatic.com/firebasejs/9.12.1/firebase-messaging/sw.js","database":"https://www.gstatic.com/firebasejs/9.12.1/firebase-database.js","firestore.memory":"https://www.gstatic.com/firebasejs/9.12.1/firebase-firestore.memory.js"}}
[info] ✔  Wrote ./index.html 
[info] 
[info] i  Didn't detect a .git folder. Assuming /home/technointern3/Desktop/globalMessaging is the project root. 
[info] i  Authorizing with GitHub to upload your service account to a GitHub repository's secrets store. 
[info] 
[info] Visit this URL on this device to log in:
[info] https://github.com/login/oauth/authorize?client_id=89cf50f02ac6aaed3484&state=637210813&redirect_uri=http%3A%2F%2Flocalhost%3A9005&scope=read%3Auser%20repo%20public_repo
[info] 
[info] Waiting for authentication...
[debug] [2022-10-18T13:07:56.009Z] >>> [apiv2][query] POST https://github.com/login/oauth/access_token [none]
[debug] [2022-10-18T13:07:56.010Z] >>> [apiv2][body] POST https://github.com/login/oauth/access_token [stream]
[debug] [2022-10-18T13:07:56.567Z] <<< [apiv2][status] POST https://github.com/login/oauth/access_token 200
[debug] [2022-10-18T13:07:56.568Z] <<< [apiv2][body] POST https://github.com/login/oauth/access_token {"access_token":"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","token_type":"bearer","scope":"read:user,repo"}
[debug] [2022-10-18T13:07:56.579Z] >>> [apiv2][query] GET https://api.github.com/user [none]
[debug] [2022-10-18T13:07:56.995Z] <<< [apiv2][status] GET https://api.github.com/user 200
[debug] [2022-10-18T13:07:56.996Z] <<< [apiv2][body] GET https://api.github.com/user {"login":"thaker0503","id":52533890,"node_id":"MDQ6VXNlcjUyNTMzODkw","avatar_url":"https://avatars.githubusercontent.com/u/52533890?v=4","gravatar_id":"","url":"https://api.github.com/users/thaker0503","html_url":"https://github.com/thaker0503","followers_url":"https://api.github.com/users/thaker0503/followers","following_url":"https://api.github.com/users/thaker0503/following{/other_user}","gists_url":"https://api.github.com/users/thaker0503/gists{/gist_id}","starred_url":"https://api.github.com/users/thaker0503/starred{/owner}{/repo}","subscriptions_url":"https://api.github.com/users/thaker0503/subscriptions","organizations_url":"https://api.github.com/users/thaker0503/orgs","repos_url":"https://api.github.com/users/thaker0503/repos","events_url":"https://api.github.com/users/thaker0503/events{/privacy}","received_events_url":"https://api.github.com/users/thaker0503/received_events","type":"User","site_admin":false,"name":"Yatharth Thaker","company":"Technostacks Infotech Pvt. Ltd.","blog":"","location":null,"email":null,"hireable":null,"bio":null,"twitter_username":null,"public_repos":31,"public_gists":1,"followers":3,"following":4,"created_at":"2019-07-04T11:33:39Z","updated_at":"2022-10-02T07:55:34Z","private_gists":1,"total_private_repos":9,"owned_private_repos":9,"disk_usage":419480,"collaborators":0,"two_factor_authentication":false,"plan":{"name":"pro","space":976562499,"collaborators":0,"private_repos":9999}}
[info] 
[info] ✔  Success! Logged into GitHub as thaker0503 
[info] 
